<?xml version="1.0" encoding="utf-8"?><testsuites name="pytest tests"><testsuite name="pytest" errors="0" failures="0" skipped="0" tests="20" time="7.243" timestamp="2026-08-25T16:53:03.078466+00:00" hostname="agent-env-9d7e727b-ad4a-4702-943c-786b193b6f64"><testcase classname="tests.backend_test.TestAuth" name="test_register_success" time="0.665" /><testcase classname="tests.backend_test.TestPairing" name="test_create_idempotent_pending" time="0.996" /><testcase classname="tests.backend_test.TestAuth" name="test_register_duplicate_email_409" time="0.399" /><testcase classname="tests.backend_test.TestPairing" name="test_redeem_invalid_code_404" time="0.523" /><testcase classname="tests.backend_test.TestAuth" name="test_login_success" time="0.761" /><testcase classname="tests.backend_test.TestPairing" name="test_redeem_self_pair_400" time="0.824" /><testcase classname="tests.backend_test.TestAuth" name="test_login_wrong_password_401" time="0.780" /><testcase classname="tests.backend_test.TestAuth" name="test_me_requires_token" time="0.217" /><testcase classname="tests.backend_test.TestAuth" name="test_me_with_token" time="0.676" /><testcase classname="tests.backend_test.TestPairing" name="test_pair_active_flow_and_get" time="1.174" /><testcase classname="tests.backend_test.TestAuth" name="test_update_public_key" time="0.724" /><testcase classname="tests.backend_test.TestPairing" name="test_redeem_when_already_active_400" time="0.656" /><testcase classname="tests.backend_test.TestMessages" name="test_messages_require_pair" time="0.525" /><testcase classname="tests.backend_test.TestWorries" name="test_worries_require_pair" time="0.559" /><testcase classname="tests.backend_test.TestMessages" name="test_send_and_list" time="0.381" /><testcase classname="tests.backend_test.TestMessages" name="test_after_filter" time="1.341" /><testcase classname="tests.backend_test.TestWorries" name="test_create_list_resolve" time="1.248" /><testcase classname="tests.backend_test.TestEvents" name="test_events_require_pair" time="0.436" /><testcase classname="tests.backend_test.TestHealth" name="test_root" time="0.052" /><testcase classname="tests.backend_test.TestEvents" name="test_create_list_delete" time="0.409" /></testsuite></testsuites>