<?xml version="1.0" encoding="utf-8"?><testsuites name="pytest tests"><testsuite name="pytest" errors="0" failures="0" skipped="0" tests="48" time="24.351" timestamp="2026-08-25T18:00:09.084867+00:00" hostname="agent-env-9d7e727b-ad4a-4702-943c-786b193b6f64"><testcase classname="tests.backend_test.TestHealth" name="test_root" time="0.256" /><testcase classname="tests.backend_test.TestAuth" name="test_register_success" time="0.327" /><testcase classname="tests.backend_test.TestAuth" name="test_register_duplicate_email_409" time="0.438" /><testcase classname="tests.backend_test.TestAuth" name="test_login_success" time="0.642" /><testcase classname="tests.backend_test.TestAuth" name="test_login_wrong_password_401" time="0.654" /><testcase classname="tests.backend_test.TestAuth" name="test_me_requires_token" time="0.114" /><testcase classname="tests.backend_test.TestAuth" name="test_me_with_token" time="0.427" /><testcase classname="tests.backend_test.TestAuth" name="test_update_public_key" time="0.532" /><testcase classname="tests.backend_test.TestPairing" name="test_create_idempotent_pending" time="0.554" /><testcase classname="tests.backend_test.TestPairing" name="test_redeem_invalid_code_404" time="0.459" /><testcase classname="tests.backend_test.TestPairing" name="test_redeem_self_pair_400" time="0.520" /><testcase classname="tests.backend_test.TestPairing" name="test_pair_active_flow_and_get" time="0.919" /><testcase classname="tests.backend_test.TestPairing" name="test_redeem_when_already_active_400" time="0.551" /><testcase classname="tests.backend_test.TestMessages" name="test_messages_require_pair" time="0.414" /><testcase classname="tests.backend_test.TestMessages" name="test_send_and_list" time="0.177" /><testcase classname="tests.backend_test.TestMessages" name="test_after_filter" time="1.424" /><testcase classname="tests.backend_test.TestWorries" name="test_worries_require_pair" time="0.400" /><testcase classname="tests.backend_test.TestWorries" name="test_create_list_resolve" time="0.289" /><testcase classname="tests.backend_test.TestEvents" name="test_events_require_pair" time="0.440" /><testcase classname="tests.backend_test.TestEvents" name="test_create_list_delete" time="0.459" /><testcase classname="tests.test_round2.TestGating" name="test_media_upload_unpaired_400" time="0.491" /><testcase classname="tests.test_round2.TestGating" name="test_checkins_get_unpaired_400" time="0.088" /><testcase classname="tests.test_round2.TestGating" name="test_checkins_post_unpaired_400" time="0.087" /><testcase classname="tests.test_round2.TestMedia" name="test_upload_and_download_roundtrip" time="1.365" /><testcase classname="tests.test_round2.TestMedia" name="test_view_once_media_410_after_viewed" time="1.047" /><testcase classname="tests.test_round2.TestMedia" name="test_media_404_for_unknown" time="0.129" /><testcase classname="tests.test_round2.TestMessageFields" name="test_message_defaults_and_ciphertext_only" time="0.111" /><testcase classname="tests.test_round2.TestCheckins" name="test_upsert_one_per_day" time="0.324" /><testcase classname="tests.test_round2.TestCheckins" name="test_list_shows_both_partners" time="0.318" /><testcase classname="tests.test_round2.TestCheckins" name="test_react_to_checkin" time="0.217" /><testcase classname="tests.test_round2.TestCheckins" name="test_react_unknown_404" time="0.095" /><testcase classname="tests.test_round2" name="test_ws_rejects_invalid_token" time="0.210" /><testcase classname="tests.test_round2" name="test_ws_rejects_unpaired" time="0.211" /><testcase classname="tests.test_round2" name="test_ws_ping_pong" time="0.426" /><testcase classname="tests.test_round2" name="test_ws_typing_and_read_broadcast" time="1.145" /><testcase classname="tests.test_round2" name="test_ws_message_broadcast_on_post" time="0.736" /><testcase classname="tests.test_round3_gallery" name="test_gallery_requires_active_pair" time="0.564" /><testcase classname="tests.test_round3_gallery" name="test_gallery_no_auth_401" time="0.089" /><testcase classname="tests.test_round3_gallery.TestGalleryContent" name="test_empty_gallery_initially" time="0.942" /><testcase classname="tests.test_round3_gallery.TestGalleryContent" name="test_text_and_system_excluded_media_included_newest_first" time="1.500" /><testcase classname="tests.test_round3_gallery.TestMediaRegression" name="test_upload_download_byte_exact" time="0.757" /><testcase classname="tests.test_round3_gallery.TestMediaRegression" name="test_view_once_consumed_410" time="0.899" /><testcase classname="tests.test_round3_gallery.TestRegression" name="test_messages_list_includes_system" time="0.420" /><testcase classname="tests.test_round3_gallery.TestRegression" name="test_worries_crud" time="0.339" /><testcase classname="tests.test_round3_gallery.TestRegression" name="test_events_crud" time="0.340" /><testcase classname="tests.test_round3_gallery.TestRegression" name="test_checkin_still_works" time="0.160" /><testcase classname="tests.test_round3_gallery.TestRegression" name="test_pair_status" time="0.130" /><testcase classname="tests.test_round3_gallery.TestRegression" name="test_auth_login" time="1.133" /></testsuite></testsuites>