<?xml version="1.0" encoding="utf-8"?><testsuites name="pytest tests"><testsuite name="pytest" errors="0" failures="0" skipped="0" tests="16" time="5.244" timestamp="2026-08-25T17:26:39.129295+00:00" hostname="agent-env-9d7e727b-ad4a-4702-943c-786b193b6f64"><testcase classname="tests.test_round2" name="test_ws_rejects_invalid_token" time="0.639" /><testcase classname="tests.test_round2" name="test_ws_rejects_unpaired" time="0.740" /><testcase classname="tests.test_round2.TestCheckins" name="test_upsert_one_per_day" time="1.668" /><testcase classname="tests.test_round2.TestCheckins" name="test_list_shows_both_partners" time="0.370" /><testcase classname="tests.test_round2.TestCheckins" name="test_react_to_checkin" time="0.177" /><testcase classname="tests.test_round2" name="test_ws_ping_pong" time="1.302" /><testcase classname="tests.test_round2.TestCheckins" name="test_react_unknown_404" time="0.072" /><testcase classname="tests.test_round2.TestGating" name="test_media_upload_unpaired_400" time="0.366" /><testcase classname="tests.test_round2.TestGating" name="test_checkins_get_unpaired_400" time="0.079" /><testcase classname="tests.test_round2" name="test_ws_typing_and_read_broadcast" time="1.298" /><testcase classname="tests.test_round2.TestGating" name="test_checkins_post_unpaired_400" time="0.067" /><testcase classname="tests.test_round2.TestMedia" name="test_upload_and_download_roundtrip" time="0.642" /><testcase classname="tests.test_round2.TestMedia" name="test_view_once_media_410_after_viewed" time="0.774" /><testcase classname="tests.test_round2" name="test_ws_message_broadcast_on_post" time="0.785" /><testcase classname="tests.test_round2.TestMedia" name="test_media_404_for_unknown" time="0.069" /><testcase classname="tests.test_round2.TestMessageFields" name="test_message_defaults_and_ciphertext_only" time="0.107" /></testsuite></testsuites>