<?xml version="1.0" encoding="utf-8"?><testsuites name="pytest tests"><testsuite name="pytest" errors="0" failures="2" skipped="0" tests="65" time="22.186" timestamp="2026-08-27T10:48:39.419592+00:00" hostname="agent-env-9d7e727b-ad4a-4702-943c-786b193b6f64"><testcase classname="tests.backend_test.TestAuth" name="test_register_success" time="0.377" /><testcase classname="tests.backend_test.TestAuth" name="test_register_duplicate_email_409" time="0.667" /><testcase classname="tests.backend_test.TestAuth" name="test_login_success" time="0.542" /><testcase classname="tests.backend_test.TestAuth" name="test_login_wrong_password_401" time="0.544" /><testcase classname="tests.test_round4_expiry_livekit.TestExpiryAfterView" name="test_send_message_does_not_start_timer" time="2.455" /><testcase classname="tests.backend_test.TestAuth" name="test_me_requires_token" time="0.048" /><testcase classname="tests.backend_test.TestAuth" name="test_me_with_token" time="0.321" /><testcase classname="tests.test_round4_expiry_livekit.TestExpiryAfterView" name="test_owner_download_does_not_start_timer" time="1.204" /><testcase classname="tests.backend_test.TestAuth" name="test_update_public_key" time="0.373" /><testcase classname="tests.test_round4_expiry_livekit.TestExpiryAfterView" name="test_recipient_first_download_starts_timer_and_broadcasts_ws" time="1.684" /><testcase classname="tests.test_round3_gallery.TestRegression" name="test_messages_list_includes_system" time="1.069" /><testcase classname="tests.test_round3_gallery.TestRegression" name="test_worries_crud" time="0.186" /><testcase classname="tests.test_round3_gallery.TestRegression" name="test_events_crud" time="0.194" /><testcase classname="tests.test_round3_gallery.TestRegression" name="test_checkin_still_works" time="0.064" /><testcase classname="tests.test_round3_gallery.TestRegression" name="test_pair_status" time="0.061" /><testcase classname="tests.test_round3_gallery.TestRegression" name="test_auth_login" time="0.850" /><testcase classname="tests.backend_test.TestPairing" name="test_create_idempotent_pending" time="0.565" /><testcase classname="tests.test_round4_expiry_livekit.TestExpiryAfterView" name="test_recipient_second_download_does_not_reset_timer" time="2.728" /><testcase classname="tests.backend_test.TestPairing" name="test_redeem_invalid_code_404" time="0.406" /><testcase classname="tests.backend_test.TestPairing" name="test_redeem_self_pair_400" time="0.431" /><testcase classname="tests.backend_test.TestPairing" name="test_pair_active_flow_and_get" time="0.788" /><testcase classname="tests.backend_test.TestPairing" name="test_redeem_when_already_active_400" time="0.441" /><testcase classname="tests.test_round2" name="test_ws_rejects_invalid_token" time="0.143" /><testcase classname="tests.test_round4_expiry_livekit.TestExpiryAfterView" name="test_media_expires_after_wait_returns_410_and_hidden_from_gallery" time="3.430" /><testcase classname="tests.test_round2" name="test_ws_rejects_unpaired" time="0.522" /><testcase classname="tests.test_round2" name="test_ws_ping_pong" time="0.967" /><testcase classname="tests.test_round2" name="test_ws_typing_and_read_broadcast" time="0.908" /><testcase classname="tests.test_round2" name="test_ws_message_broadcast_on_post" time="0.678" /><testcase classname="tests.test_round4_expiry_livekit.TestExpiryAfterView" name="test_regression_no_expire_seconds_no_timer" time="0.902" /><testcase classname="tests.test_round4_expiry_livekit.TestRegression" name="test_auth_me" time="0.802" /><testcase classname="tests.test_round4_expiry_livekit.TestRegression" name="test_pair_get_active" time="0.060" /><testcase classname="tests.test_round4_expiry_livekit.TestRegression" name="test_send_text_and_list" time="0.127" /><testcase classname="tests.test_round4_expiry_livekit.TestRegression" name="test_worries_events_checkins" time="0.304" /><testcase classname="tests.test_round4_expiry_livekit.TestExpiryAfterView" name="test_regression_view_once_returns_410_after_mark_viewed" time="0.666" /><testcase classname="tests.test_round4_expiry_livekit.TestRegression" name="test_websocket_typing_and_pong" time="0.805" /><testcase classname="tests.test_round4_expiry_livekit.TestExpiryAfterView" name="test_media_bytes_roundtrip_exact" time="0.563" /><testcase classname="tests.test_round4_expiry_livekit.TestLiveKitToken" name="test_token_returned_for_paired_user" time="0.051"><failure message="AssertionError: {&quot;detail&quot;:&quot;Calling is not configured&quot;}&#10;assert 503 == 200&#10; +  where 503 = &lt;Response [503]&gt;.status_code">test_round4_expiry_livekit.py:283: in test_token_returned_for_paired_user
    assert r.status_code == 200, r.text
E   AssertionError: {"detail":"Calling is not configured"}
E   assert 503 == 200
E    +  where 503 = &lt;Response [503]&gt;.status_code</failure></testcase><testcase classname="tests.test_round4_expiry_livekit.TestLiveKitToken" name="test_both_partners_get_same_room" time="0.296"><failure message="KeyError: 'room'">test_round4_expiry_livekit.py:299: in test_both_partners_get_same_room
    assert ra["room"] == rb["room"] == f"pair_{paired['pair_id']}"
           ^^^^^^^^^^
E   KeyError: 'room'</failure></testcase><testcase classname="tests.test_round2.TestCheckins" name="test_upsert_one_per_day" time="1.229" /><testcase classname="tests.test_round4_expiry_livekit.TestLiveKitToken" name="test_token_400_not_paired" time="0.366" /><testcase classname="tests.test_round4_expiry_livekit.TestLiveKitToken" name="test_token_401_no_auth" time="0.053" /><testcase classname="tests.backend_test.TestMessages" name="test_messages_require_pair" time="0.390" /><testcase classname="tests.test_round2.TestCheckins" name="test_list_shows_both_partners" time="0.383" /><testcase classname="tests.test_round2.TestCheckins" name="test_react_to_checkin" time="0.321" /><testcase classname="tests.test_round2.TestCheckins" name="test_react_unknown_404" time="0.226" /><testcase classname="tests.test_round2.TestMedia" name="test_upload_and_download_roundtrip" time="0.337" /><testcase classname="tests.backend_test.TestMessages" name="test_send_and_list" time="0.869" /><testcase classname="tests.backend_test.TestMessages" name="test_after_filter" time="1.507" /><testcase classname="tests.test_round2.TestMedia" name="test_view_once_media_410_after_viewed" time="0.573" /><testcase classname="tests.test_round2.TestMedia" name="test_media_404_for_unknown" time="0.055" /><testcase classname="tests.backend_test.TestWorries" name="test_worries_require_pair" time="0.532" /><testcase classname="tests.test_round2.TestGating" name="test_media_upload_unpaired_400" time="0.562" /><testcase classname="tests.test_round2.TestGating" name="test_checkins_get_unpaired_400" time="0.056" /><testcase classname="tests.backend_test.TestWorries" name="test_create_list_resolve" time="1.076" /><testcase classname="tests.test_round2.TestGating" name="test_checkins_post_unpaired_400" time="0.055" /><testcase classname="tests.backend_test.TestEvents" name="test_events_require_pair" time="0.687" /><testcase classname="tests.test_round3_gallery" name="test_gallery_requires_active_pair" time="0.588" /><testcase classname="tests.test_round3_gallery" name="test_gallery_no_auth_401" time="0.222" /><testcase classname="tests.backend_test.TestEvents" name="test_create_list_delete" time="0.629" /><testcase classname="tests.test_round3_gallery.TestGalleryContent" name="test_empty_gallery_initially" time="1.257" /><testcase classname="tests.test_round3_gallery.TestGalleryContent" name="test_text_and_system_excluded_media_included_newest_first" time="0.994" /><testcase classname="tests.test_round3_gallery.TestMediaRegression" name="test_upload_download_byte_exact" time="1.091" /><testcase classname="tests.test_round3_gallery.TestMediaRegression" name="test_view_once_consumed_410" time="0.482" /><testcase classname="tests.backend_test.TestHealth" name="test_root" time="0.322" /><testcase classname="tests.test_round2.TestMessageFields" name="test_message_defaults_and_ciphertext_only" time="0.941" /></testsuite></testsuites>