<?xml version="1.0" encoding="utf-8"?><testsuites name="pytest tests"><testsuite name="pytest" errors="0" failures="0" skipped="0" tests="20" time="8.348" timestamp="2026-08-26T20:18:54.285444+00:00" hostname="agent-env-9d7e727b-ad4a-4702-943c-786b193b6f64"><testcase classname="tests.backend_test.TestPairing" name="test_create_idempotent_pending" time="1.073" /><testcase classname="tests.backend_test.TestAuth" name="test_register_success" time="0.664" /><testcase classname="tests.backend_test.TestAuth" name="test_register_duplicate_email_409" time="0.383" /><testcase classname="tests.backend_test.TestAuth" name="test_login_success" time="0.741" /><testcase classname="tests.backend_test.TestPairing" name="test_redeem_invalid_code_404" time="0.723" /><testcase classname="tests.backend_test.TestAuth" name="test_login_wrong_password_401" time="0.753" /><testcase classname="tests.backend_test.TestPairing" name="test_redeem_self_pair_400" time="0.836" /><testcase classname="tests.backend_test.TestAuth" name="test_me_requires_token" time="0.083" /><testcase classname="tests.backend_test.TestAuth" name="test_me_with_token" time="0.754" /><testcase classname="tests.backend_test.TestAuth" name="test_update_public_key" time="0.501" /><testcase classname="tests.backend_test.TestPairing" name="test_pair_active_flow_and_get" time="1.257" /><testcase classname="tests.backend_test.TestMessages" name="test_messages_require_pair" time="0.619" /><testcase classname="tests.backend_test.TestPairing" name="test_redeem_when_already_active_400" time="0.667" /><testcase classname="tests.backend_test.TestWorries" name="test_worries_require_pair" time="0.707" /><testcase classname="tests.backend_test.TestWorries" name="test_create_list_resolve" time="0.260" /><testcase classname="tests.backend_test.TestMessages" name="test_send_and_list" time="1.296" /><testcase classname="tests.backend_test.TestHealth" name="test_root" time="0.081" /><testcase classname="tests.backend_test.TestMessages" name="test_after_filter" time="1.466" /><testcase classname="tests.backend_test.TestEvents" name="test_events_require_pair" time="0.409" /><testcase classname="tests.backend_test.TestEvents" name="test_create_list_delete" time="0.351" /></testsuite></testsuites>