<?xml version="1.0" encoding="utf-8"?><testsuites name="pytest tests"><testsuite name="pytest" errors="0" failures="0" skipped="0" tests="17" time="13.185" timestamp="2026-08-25T18:36:38.705249+00:00" hostname="agent-env-9d7e727b-ad4a-4702-943c-786b193b6f64"><testcase classname="tests.test_round4_expiry_livekit.TestExpiryAfterView" name="test_send_message_does_not_start_timer" time="1.407" /><testcase classname="tests.test_round4_expiry_livekit.TestExpiryAfterView" name="test_owner_download_does_not_start_timer" time="0.908" /><testcase classname="tests.test_round4_expiry_livekit.TestExpiryAfterView" name="test_recipient_first_download_starts_timer_and_broadcasts_ws" time="1.312" /><testcase classname="tests.test_round4_expiry_livekit.TestExpiryAfterView" name="test_recipient_second_download_does_not_reset_timer" time="2.518" /><testcase classname="tests.test_round4_expiry_livekit.TestExpiryAfterView" name="test_media_expires_after_wait_returns_410_and_hidden_from_gallery" time="2.943" /><testcase classname="tests.test_round4_expiry_livekit.TestExpiryAfterView" name="test_regression_no_expire_seconds_no_timer" time="0.906" /><testcase classname="tests.test_round4_expiry_livekit.TestExpiryAfterView" name="test_regression_view_once_returns_410_after_mark_viewed" time="0.655" /><testcase classname="tests.test_round4_expiry_livekit.TestExpiryAfterView" name="test_media_bytes_roundtrip_exact" time="0.466" /><testcase classname="tests.test_round4_expiry_livekit.TestLiveKitToken" name="test_token_returned_for_paired_user" time="0.063" /><testcase classname="tests.test_round4_expiry_livekit.TestLiveKitToken" name="test_both_partners_get_same_room" time="0.102" /><testcase classname="tests.test_round4_expiry_livekit.TestLiveKitToken" name="test_token_400_not_paired" time="0.337" /><testcase classname="tests.test_round4_expiry_livekit.TestLiveKitToken" name="test_token_401_no_auth" time="0.055" /><testcase classname="tests.test_round4_expiry_livekit.TestRegression" name="test_auth_me" time="0.052" /><testcase classname="tests.test_round4_expiry_livekit.TestRegression" name="test_pair_get_active" time="0.057" /><testcase classname="tests.test_round4_expiry_livekit.TestRegression" name="test_send_text_and_list" time="0.149" /><testcase classname="tests.test_round4_expiry_livekit.TestRegression" name="test_worries_events_checkins" time="0.353" /><testcase classname="tests.test_round4_expiry_livekit.TestRegression" name="test_websocket_typing_and_pong" time="0.794" /></testsuite></testsuites>