<?xml version="1.0" encoding="utf-8"?><testsuites name="pytest tests"><testsuite name="pytest" errors="0" failures="0" skipped="0" tests="12" time="6.300" timestamp="2026-08-25T17:59:57.881886+00:00" hostname="agent-env-9d7e727b-ad4a-4702-943c-786b193b6f64"><testcase classname="tests.test_round3_gallery" name="test_gallery_requires_active_pair" time="0.536" /><testcase classname="tests.test_round3_gallery" name="test_gallery_no_auth_401" time="0.071" /><testcase classname="tests.test_round3_gallery.TestGalleryContent" name="test_empty_gallery_initially" time="0.820" /><testcase classname="tests.test_round3_gallery.TestGalleryContent" name="test_text_and_system_excluded_media_included_newest_first" time="1.681" /><testcase classname="tests.test_round3_gallery.TestMediaRegression" name="test_upload_download_byte_exact" time="0.507" /><testcase classname="tests.test_round3_gallery.TestMediaRegression" name="test_view_once_consumed_410" time="0.800" /><testcase classname="tests.test_round3_gallery.TestRegression" name="test_messages_list_includes_system" time="0.239" /><testcase classname="tests.test_round3_gallery.TestRegression" name="test_worries_crud" time="0.216" /><testcase classname="tests.test_round3_gallery.TestRegression" name="test_events_crud" time="0.251" /><testcase classname="tests.test_round3_gallery.TestRegression" name="test_checkin_still_works" time="0.077" /><testcase classname="tests.test_round3_gallery.TestRegression" name="test_pair_status" time="0.073" /><testcase classname="tests.test_round3_gallery.TestRegression" name="test_auth_login" time="0.948" /></testsuite></testsuites>