<?xml version="1.0" encoding="utf-8"?><testsuites name="pytest tests"><testsuite name="pytest" errors="0" failures="0" skipped="0" tests="10" time="8.958" timestamp="2026-08-27T14:25:55.134639+00:00" hostname="agent-env-9d7e727b-ad4a-4702-943c-786b193b6f64"><testcase classname="tests.test_round9_no_encryption.TestPlaintextMessaging" name="test_send_receives_plaintext_both_sides" time="2.417" /><testcase classname="tests.test_round9_no_encryption.TestRegression" name="test_wrong_password_401" time="1.681" /><testcase classname="tests.test_round9_no_encryption.TestRegression" name="test_register_login_pair_still_work" time="0.781" /><testcase classname="tests.test_round9_no_encryption.TestPlaintextMessaging" name="test_history_persistence_after_relogin" time="0.378" /><testcase classname="tests.test_round9_no_encryption.TestViewOnce" name="test_view_once_consumed_after_recipient_opens" time="0.776" /><testcase classname="tests.test_round9_no_encryption.TestMediaPlain" name="test_upload_download_image_bytes_identical" time="1.136" /><testcase classname="tests.test_round9_no_encryption.TestAutoExpire" name="test_expiry_starts_on_first_recipient_open" time="5.221" /><testcase classname="tests.test_round9_no_encryption.TestGallery" name="test_gallery_lists_shared_media" time="0.610" /><testcase classname="tests.test_round9_no_encryption.TestCheckinsPlain" name="test_checkin_note_plaintext" time="0.144" /><testcase classname="tests.test_round9_no_encryption.TestWorriesPlain" name="test_add_and_read_plaintext" time="0.177" /></testsuite></testsuites>