<?xml version="1.0" encoding="utf-8"?><testsuites name="pytest tests"><testsuite name="pytest" errors="0" failures="2" skipped="0" tests="69" time="24.895" timestamp="2026-08-27T11:05:19.984898+00:00" hostname="agent-env-9d7e727b-ad4a-4702-943c-786b193b6f64"><testcase classname="tests.backend_test.TestAuth" name="test_register_success" time="0.379" /><testcase classname="tests.backend_test.TestAuth" name="test_register_duplicate_email_409" time="0.669" /><testcase classname="tests.backend_test.TestAuth" name="test_login_success" time="0.547" /><testcase classname="tests.backend_test.TestAuth" name="test_login_wrong_password_401" time="0.544" /><testcase classname="tests.test_round4_expiry_livekit.TestExpiryAfterView" name="test_send_message_does_not_start_timer" time="2.467" /><testcase classname="tests.backend_test.TestAuth" name="test_me_requires_token" time="0.050" /><testcase classname="tests.backend_test.TestAuth" name="test_me_with_token" time="0.324" /><testcase classname="tests.test_round4_expiry_livekit.TestExpiryAfterView" name="test_owner_download_does_not_start_timer" time="1.137" /><testcase classname="tests.backend_test.TestAuth" name="test_update_public_key" time="0.412" /><testcase classname="tests.test_round4_expiry_livekit.TestExpiryAfterView" name="test_recipient_first_download_starts_timer_and_broadcasts_ws" time="1.415" /><testcase classname="tests.test_round3_gallery.TestRegression" name="test_messages_list_includes_system" time="0.953" /><testcase classname="tests.test_round3_gallery.TestRegression" name="test_worries_crud" time="0.197" /><testcase classname="tests.test_round3_gallery.TestRegression" name="test_events_crud" time="0.188" /><testcase classname="tests.test_round3_gallery.TestRegression" name="test_checkin_still_works" time="0.062" /><testcase classname="tests.test_round3_gallery.TestRegression" name="test_pair_status" time="0.070" /><testcase classname="tests.test_round3_gallery.TestRegression" name="test_auth_login" time="0.892" /><testcase classname="tests.test_round4_expiry_livekit.TestExpiryAfterView" name="test_recipient_second_download_does_not_reset_timer" time="2.650" /><testcase classname="tests.backend_test.TestPairing" name="test_create_idempotent_pending" time="0.493" /><testcase classname="tests.backend_test.TestPairing" name="test_redeem_invalid_code_404" time="0.307" /><testcase classname="tests.backend_test.TestPairing" name="test_redeem_self_pair_400" time="0.353" /><testcase classname="tests.backend_test.TestPairing" name="test_pair_active_flow_and_get" time="0.655" /><testcase classname="tests.backend_test.TestPairing" name="test_redeem_when_already_active_400" time="0.346" /><testcase classname="tests.test_round2" name="test_ws_rejects_invalid_token" time="0.257" /><testcase classname="tests.test_round4_expiry_livekit.TestExpiryAfterView" name="test_media_expires_after_wait_returns_410_and_hidden_from_gallery" time="3.738" /><testcase classname="tests.test_round2" name="test_ws_rejects_unpaired" time="0.576" /><testcase classname="tests.test_round2" name="test_ws_ping_pong" time="0.910" /><testcase classname="tests.test_round2" name="test_ws_typing_and_read_broadcast" time="0.933" /><testcase classname="tests.test_round2" name="test_ws_message_broadcast_on_post" time="0.668" /><testcase classname="tests.test_round4_expiry_livekit.TestExpiryAfterView" name="test_regression_no_expire_seconds_no_timer" time="1.013" /><testcase classname="tests.test_round4_expiry_livekit.TestRegression" name="test_auth_me" time="0.769" /><testcase classname="tests.test_round4_expiry_livekit.TestRegression" name="test_pair_get_active" time="0.051" /><testcase classname="tests.test_round4_expiry_livekit.TestRegression" name="test_send_text_and_list" time="0.109" /><testcase classname="tests.test_round4_expiry_livekit.TestRegression" name="test_worries_events_checkins" time="0.301" /><testcase classname="tests.test_round4_expiry_livekit.TestRegression" name="test_websocket_typing_and_pong" time="0.959" /><testcase classname="tests.test_round4_expiry_livekit.TestExpiryAfterView" name="test_regression_view_once_returns_410_after_mark_viewed" time="0.641" /><testcase classname="tests.test_round4_expiry_livekit.TestExpiryAfterView" name="test_media_bytes_roundtrip_exact" time="0.844" /><testcase classname="tests.test_round2.TestCheckins" name="test_upsert_one_per_day" time="0.948" /><testcase classname="tests.test_round4_expiry_livekit.TestLiveKitToken" name="test_token_returned_for_paired_user" time="0.064"><failure message="AssertionError: {&quot;detail&quot;:&quot;Calling is not configured&quot;}&#10;assert 503 == 200&#10; +  where 503 = &lt;Response [503]&gt;.status_code">E   AssertionError: {"detail":"Calling is not configured"}
    assert 503 == 200
     +  where 503 = &lt;Response [503]&gt;.status_code</failure></testcase><testcase classname="tests.test_round2.TestCheckins" name="test_list_shows_both_partners" time="0.269" /><testcase classname="tests.test_round4_expiry_livekit.TestLiveKitToken" name="test_both_partners_get_same_room" time="0.164"><failure message="KeyError: 'room'">E   KeyError: 'room'</failure></testcase><testcase classname="tests.test_round2.TestCheckins" name="test_react_to_checkin" time="0.288" /><testcase classname="tests.test_round4_expiry_livekit.TestLiveKitToken" name="test_token_400_not_paired" time="0.337" /><testcase classname="tests.test_round4_expiry_livekit.TestLiveKitToken" name="test_token_401_no_auth" time="0.055" /><testcase classname="tests.test_round2.TestCheckins" name="test_react_unknown_404" time="0.064" /><testcase classname="tests.test_round8_deterministic_key.TestDeterministicKeyBackendContract" name="test_public_key_persists_across_login" time="0.801" /><testcase classname="tests.backend_test.TestMessages" name="test_messages_require_pair" time="0.748" /><testcase classname="tests.test_round8_deterministic_key.TestDeterministicKeyBackendContract" name="test_reinstall_same_pk_no_op_update" time="0.829" /><testcase classname="tests.backend_test.TestMessages" name="test_send_and_list" time="0.944" /><testcase classname="tests.test_round8_deterministic_key.TestDeterministicKeyBackendContract" name="test_full_pair_send_decrypt_roundtrip_survives_pk_reupload" time="1.608" /><testcase classname="tests.backend_test.TestMessages" name="test_after_filter" time="2.434" /><testcase classname="tests.test_round8_deterministic_key.TestDeterministicKeyBackendContract" name="test_wrong_password_401" time="1.011" /><testcase classname="tests.test_round2.TestGating" name="test_media_upload_unpaired_400" time="0.564" /><testcase classname="tests.test_round2.TestGating" name="test_checkins_get_unpaired_400" time="0.063" /><testcase classname="tests.test_round2.TestGating" name="test_checkins_post_unpaired_400" time="0.240" /><testcase classname="tests.backend_test.TestWorries" name="test_worries_require_pair" time="0.392" /><testcase classname="tests.test_round2.TestMedia" name="test_upload_and_download_roundtrip" time="1.994" /><testcase classname="tests.backend_test.TestWorries" name="test_create_list_resolve" time="0.929" /><testcase classname="tests.test_round2.TestMedia" name="test_view_once_media_410_after_viewed" time="1.088" /><testcase classname="tests.backend_test.TestEvents" name="test_events_require_pair" time="0.341" /><testcase classname="tests.backend_test.TestEvents" name="test_create_list_delete" time="0.248" /><testcase classname="tests.test_round2.TestMedia" name="test_media_404_for_unknown" time="0.271" /><testcase classname="tests.test_round3_gallery.TestGalleryContent" name="test_empty_gallery_initially" time="1.017" /><testcase classname="tests.test_round3_gallery.TestGalleryContent" name="test_text_and_system_excluded_media_included_newest_first" time="1.123" /><testcase classname="tests.test_round3_gallery" name="test_gallery_requires_active_pair" time="0.437" /><testcase classname="tests.test_round3_gallery" name="test_gallery_no_auth_401" time="0.112" /><testcase classname="tests.backend_test.TestHealth" name="test_root" time="0.139" /><testcase classname="tests.test_round3_gallery.TestMediaRegression" name="test_upload_download_byte_exact" time="0.357" /><testcase classname="tests.test_round2.TestMessageFields" name="test_message_defaults_and_ciphertext_only" time="0.957" /><testcase classname="tests.test_round3_gallery.TestMediaRegression" name="test_view_once_consumed_410" time="0.573" /></testsuite></testsuites>